# JRE version: OpenJDK Runtime Environment (8.0_152-b02) (build 1.8.0_152-release-1024-b02)
# Java VM: OpenJDK 64-Bit Server VM (25.152-b02 mixed mode windows-amd64 compressed oops)
Heap:
 PSYoungGen      total 307200K, used 204267K [0x00000000eab00000, 0x00000000ffe80000, 0x0000000100000000)
  eden space 266752K, 70% used [0x00000000eab00000,0x00000000f6205578,0x00000000faf80000)
  from space 40448K, 41% used [0x00000000fd700000,0x00000000fe775688,0x00000000ffe80000)
  to   space 40448K, 0% used [0x00000000faf80000,0x00000000faf80000,0x00000000fd700000)
 ParOldGen       total 314368K, used 184890K [0x00000000c0000000, 0x00000000d3300000, 0x00000000eab00000)
  object space 314368K, 58% used [0x00000000c0000000,0x00000000cb48eb50,0x00000000d3300000)
 Metaspace       used 111911K, capacity 119174K, committed 119512K, reserved 1153024K
  class space    used 13562K, capacity 14990K, committed 15104K, reserved 1048576K
GC Heap History (10 events):
Event: 11845.973 GC heap before
{Heap before GC invocations=91 (full 5):
 PSYoungGen      total 303104K, used 257978K [0x00000000eab00000, 0x00000000fff80000, 0x0000000100000000)
  eden space 258048K, 99% used [0x00000000eab00000,0x00000000fa6d6b78,0x00000000fa700000)
  from space 45056K, 0% used [0x00000000fa700000,0x00000000fa718000,0x00000000fd300000)
  to   space 44544K, 0% used [0x00000000fd400000,0x00000000fd400000,0x00000000fff80000)
 ParOldGen       total 314368K, used 156129K [0x00000000c0000000, 0x00000000d3300000, 0x00000000eab00000)
  object space 314368K, 49% used [0x00000000c0000000,0x00000000c9878430,0x00000000d3300000)
 Metaspace       used 111392K, capacity 118586K, committed 119256K, reserved 1153024K
  class space    used 13551K, capacity 14972K, committed 15104K, reserved 1048576K
Event: 11845.978 GC heap after
Heap after GC invocations=91 (full 5):
 PSYoungGen      total 303104K, used 96K [0x00000000eab00000, 0x00000000ffe80000, 0x0000000100000000)
  eden space 259584K, 0% used [0x00000000eab00000,0x00000000eab00000,0x00000000fa880000)
  from space 43520K, 0% used [0x00000000fd400000,0x00000000fd418000,0x00000000ffe80000)
  to   space 44032K, 0% used [0x00000000fa880000,0x00000000fa880000,0x00000000fd380000)
 ParOldGen       total 314368K, used 156161K [0x00000000c0000000, 0x00000000d3300000, 0x00000000eab00000)
  object space 314368K, 49% used [0x00000000c0000000,0x00000000c9880430,0x00000000d3300000)
 Metaspace       used 111392K, capacity 118586K, committed 119256K, reserved 1153024K
  class space    used 13551K, capacity 14972K, committed 15104K, reserved 1048576K
}
Event: 11943.173 GC heap before
{Heap before GC invocations=92 (full 5):
 PSYoungGen      total 303104K, used 259680K [0x00000000eab00000, 0x00000000ffe80000, 0x0000000100000000)
  eden space 259584K, 100% used [0x00000000eab00000,0x00000000fa880000,0x00000000fa880000)
  from space 43520K, 0% used [0x00000000fd400000,0x00000000fd418000,0x00000000ffe80000)
  to   space 44032K, 0% used [0x00000000fa880000,0x00000000fa880000,0x00000000fd380000)
 ParOldGen       total 314368K, used 156161K [0x00000000c0000000, 0x00000000d3300000, 0x00000000eab00000)
  object space 314368K, 49% used [0x00000000c0000000,0x00000000c9880430,0x00000000d3300000)
 Metaspace       used 111454K, capacity 118662K, committed 119256K, reserved 1153024K
  class space    used 13551K, capacity 14972K, committed 15104K, reserved 1048576K
Event: 11943.200 GC heap after
Heap after GC invocations=92 (full 5):
 PSYoungGen      total 303616K, used 6133K [0x00000000eab00000, 0x00000000ffc80000, 0x0000000100000000)
  eden space 259584K, 0% used [0x00000000eab00000,0x00000000eab00000,0x00000000fa880000)
  from space 44032K, 13% used [0x00000000fa880000,0x00000000fae7d720,0x00000000fd380000)
  to   space 41984K, 0% used [0x00000000fd380000,0x00000000fd380000,0x00000000ffc80000)
 ParOldGen       total 314368K, used 156177K [0x00000000c0000000, 0x00000000d3300000, 0x00000000eab00000)
  object space 314368K, 49% used [0x00000000c0000000,0x00000000c9884430,0x00000000d3300000)
 Metaspace       used 111454K, capacity 118662K, committed 119256K, reserved 1153024K
  class space    used 13551K, capacity 14972K, committed 15104K, reserved 1048576K
}
Event: 11946.863 GC heap before
{Heap before GC invocations=93 (full 5):
 PSYoungGen      total 303616K, used 265717K [0x00000000eab00000, 0x00000000ffc80000, 0x0000000100000000)
  eden space 259584K, 100% used [0x00000000eab00000,0x00000000fa880000,0x00000000fa880000)
  from space 44032K, 13% used [0x00000000fa880000,0x00000000fae7d720,0x00000000fd380000)
  to   space 41984K, 0% used [0x00000000fd380000,0x00000000fd380000,0x00000000ffc80000)
 ParOldGen       total 314368K, used 156177K [0x00000000c0000000, 0x00000000d3300000, 0x00000000eab00000)
  object space 314368K, 49% used [0x00000000c0000000,0x00000000c9884430,0x00000000d3300000)
 Metaspace       used 111509K, capacity 118740K, committed 119256K, reserved 1153024K
  class space    used 13558K, capacity 14985K, committed 15104K, reserved 1048576K
Event: 11946.881 GC heap after
Heap after GC invocations=93 (full 5):
 PSYoungGen      total 303616K, used 3264K [0x00000000eab00000, 0x00000000ffb00000, 0x0000000100000000)
  eden space 263168K, 0% used [0x00000000eab00000,0x00000000eab00000,0x00000000fac00000)
  from space 40448K, 8% used [0x00000000fd380000,0x00000000fd6b0010,0x00000000ffb00000)
  to   space 40448K, 0% used [0x00000000fac00000,0x00000000fac00000,0x00000000fd380000)
 ParOldGen       total 314368K, used 161650K [0x00000000c0000000, 0x00000000d3300000, 0x00000000eab00000)
  object space 314368K, 51% used [0x00000000c0000000,0x00000000c9ddc820,0x00000000d3300000)
 Metaspace       used 111509K, capacity 118740K, committed 119256K, reserved 1153024K
  class space    used 13558K, capacity 14985K, committed 15104K, reserved 1048576K
}
Event: 11950.389 GC heap before
{Heap before GC invocations=94 (full 5):
 PSYoungGen      total 303616K, used 266432K [0x00000000eab00000, 0x00000000ffb00000, 0x0000000100000000)
  eden space 263168K, 100% used [0x00000000eab00000,0x00000000fac00000,0x00000000fac00000)
  from space 40448K, 8% used [0x00000000fd380000,0x00000000fd6b0010,0x00000000ffb00000)
  to   space 40448K, 0% used [0x00000000fac00000,0x00000000fac00000,0x00000000fd380000)
 ParOldGen       total 314368K, used 161650K [0x00000000c0000000, 0x00000000d3300000, 0x00000000eab00000)
  object space 314368K, 51% used [0x00000000c0000000,0x00000000c9ddc820,0x00000000d3300000)
 Metaspace       used 111728K, capacity 118950K, committed 119512K, reserved 1153024K
  class space    used 13559K, capacity 14986K, committed 15104K, reserved 1048576K
Event: 11950.443 GC heap after
Heap after GC invocations=94 (full 5):
 PSYoungGen      total 303616K, used 23067K [0x00000000eab00000, 0x0000000100000000, 0x0000000100000000)
  eden space 263168K, 0% used [0x00000000eab00000,0x00000000eab00000,0x00000000fac00000)
  from space 40448K, 57% used [0x00000000fac00000,0x00000000fc286fb8,0x00000000fd380000)
  to   space 41984K, 0% used [0x00000000fd700000,0x00000000fd700000,0x0000000100000000)
 ParOldGen       total 314368K, used 163792K [0x00000000c0000000, 0x00000000d3300000, 0x00000000eab00000)
  object space 314368K, 52% used [0x00000000c0000000,0x00000000c9ff4290,0x00000000d3300000)
 Metaspace       used 111728K, capacity 118950K, committed 119512K, reserved 1153024K
  class space    used 13559K, capacity 14986K, committed 15104K, reserved 1048576K
}
Event: 11952.594 GC heap before
{Heap before GC invocations=95 (full 5):
 PSYoungGen      total 303616K, used 286235K [0x00000000eab00000, 0x0000000100000000, 0x0000000100000000)
  eden space 263168K, 100% used [0x00000000eab00000,0x00000000fac00000,0x00000000fac00000)
  from space 40448K, 57% used [0x00000000fac00000,0x00000000fc286fb8,0x00000000fd380000)
  to   space 41984K, 0% used [0x00000000fd700000,0x00000000fd700000,0x0000000100000000)
 ParOldGen       total 314368K, used 163792K [0x00000000c0000000, 0x00000000d3300000, 0x00000000eab00000)
  object space 314368K, 52% used [0x00000000c0000000,0x00000000c9ff4290,0x00000000d3300000)
 Metaspace       used 111805K, capacity 119036K, committed 119512K, reserved 1153024K
  class space    used 13561K, capacity 14989K, committed 15104K, reserved 1048576K
Event: 11952.669 GC heap after
Heap after GC invocations=95 (full 5):
 PSYoungGen      total 307200K, used 16853K [0x00000000eab00000, 0x00000000ffe80000, 0x0000000100000000)
  eden space 266752K, 0% used [0x00000000eab00000,0x00000000eab00000,0x00000000faf80000)
  from space 40448K, 41% used [0x00000000fd700000,0x00000000fe775688,0x00000000ffe80000)
  to   space 40448K, 0% used [0x00000000faf80000,0x00000000faf80000,0x00000000fd700000)
 ParOldGen       total 314368K, used 184890K [0x00000000c0000000, 0x00000000d3300000, 0x00000000eab00000)
  object space 314368K, 58% used [0x00000000c0000000,0x00000000cb48eb50,0x00000000d3300000)
 Metaspace       used 111805K, capacity 119036K, committed 119512K, reserved 1153024K
  class space    used 13561K, capacity 14989K, committed 15104K, reserved 1048576K
}

